<?xml version="1.0" encoding="UTF-8"?>
<!-- Generated by org.testng.reporters.JUnitReportReporter -->
<testsuite skipped="0" hostname="DESKTOP-0KO5QLA" name="excelutil.xpath" tests="1" failures="0" timestamp="20 Apr 2019 13:47:55 GMT" time="8.470" errors="0">
  <testcase name="getsource" time="8.470" classname="excelutil.xpath"/>
</testsuite> <!-- excelutil.xpath -->
