<?xml version="1.0" encoding="UTF-8"?>
<!-- Generated by org.testng.reporters.JUnitReportReporter -->
<testsuite skipped="0" hostname="DESKTOP-0KO5QLA" name="practicetestng.testngpract" tests="1" failures="0" timestamp="06 Apr 2019 08:51:47 GMT" time="0.016" errors="0">
  <testcase name="openurl" time="0.016" classname="practicetestng.testngpract"/>
</testsuite> <!-- practicetestng.testngpract -->
