<?xml version="1.0" encoding="UTF-8"?>
<!-- Generated by org.testng.reporters.JUnitReportReporter -->
<testsuite skipped="0" hostname="DESKTOP-0KO5QLA" name="practicetestng.trycatch" tests="1" failures="0" timestamp="04 Apr 2019 17:18:35 GMT" time="0.014" errors="0">
  <testcase name="trycatch" time="0.014" classname="practicetestng.trycatch"/>
</testsuite> <!-- practicetestng.trycatch -->
