<?xml version="1.0" encoding="UTF-8"?>
<!-- Generated by org.testng.reporters.JUnitReportReporter -->
<testsuite skipped="0" hostname="DESKTOP-0KO5QLA" name="practicetestng.tc1" tests="1" failures="0" timestamp="11 Apr 2019 13:22:57 GMT" time="0.000" errors="0">
  <testcase name="main" time="0.000" classname="practicetestng.tc1"/>
</testsuite> <!-- practicetestng.tc1 -->
