<?xml version="1.0" encoding="UTF-8"?>
<!-- Generated by org.testng.reporters.JUnitReportReporter -->
<testsuite skipped="0" hostname="DESKTOP-0KO5QLA" name="excelutil.excelmethods" tests="1" failures="0" timestamp="13 Apr 2019 19:40:43 GMT" time="0.658" errors="0">
  <testcase name="getclass" time="0.658" classname="excelutil.excelmethods"/>
</testsuite> <!-- excelutil.excelmethods -->
