<?xml version="1.0" encoding="UTF-8"?>
<!-- Generated by org.testng.reporters.JUnitReportReporter -->
<testsuite skipped="0" hostname="DESKTOP-0KO5QLA" name="xmlsuiteutil.xmlcreation" tests="1" failures="0" timestamp="11 Apr 2019 05:01:01 GMT" time="0.104" errors="0">
  <testcase name="createxml" time="0.104" classname="xmlsuiteutil.xmlcreation"/>
</testsuite> <!-- xmlsuiteutil.xmlcreation -->
