<?xml version="1.0" encoding="UTF-8"?>
<!-- Generated by org.testng.reporters.JUnitReportReporter -->
<testsuite skipped="0" hostname="DESKTOP-0KO5QLA" name="fillo.fillo2" tests="1" failures="0" timestamp="11 Apr 2019 13:22:58 GMT" time="0.342" errors="0">
  <testcase name="createtestNGXMLFile" time="0.342" classname="fillo.fillo2"/>
</testsuite> <!-- fillo.fillo2 -->
